Detecting CXX OpenMP failed with the following output:
Change Dir: /home/karin/Schreibtisch/WS22/C++/ÜBUNGEN/Programming in C_C++-Sheet 06/student_template_6/build/CMakeFiles/CMakeTmp

Run Build Command(s):/usr/bin/ninja cmTC_7ed6d && [1/2] Building CXX object CMakeFiles/cmTC_7ed6d.dir/OpenMPTryFlag.cpp.o
FAILED: CMakeFiles/cmTC_7ed6d.dir/OpenMPTryFlag.cpp.o 
/usr/bin/clang++-13    -fopenmp=libomp -v -o CMakeFiles/cmTC_7ed6d.dir/OpenMPTryFlag.cpp.o -c '/home/karin/Schreibtisch/WS22/C++/ÜBUNGEN/Programming in C_C++-Sheet 06/student_template_6/build/CMakeFiles/FindOpenMP/OpenMPTryFlag.cpp'
Ubuntu clang version 13.0.1-++20220120110924+75e33f71c2da-1~exp1~20220120231001.58
Target: x86_64-pc-linux-gnu
Thread model: posix
InstalledDir: /usr/bin
Found candidate GCC installation: /usr/bin/../lib/gcc/x86_64-linux-gnu/10
Found candidate GCC installation: /usr/bin/../lib/gcc/x86_64-linux-gnu/9
Selected GCC installation: /usr/bin/../lib/gcc/x86_64-linux-gnu/10
Candidate multilib: .;@m64
Selected multilib: .;@m64
 (in-process)
 "/usr/lib/llvm-13/bin/clang" -cc1 -triple x86_64-pc-linux-gnu -emit-obj -mrelax-all --mrelax-relocations -disable-free -disable-llvm-verifier -discard-value-names -main-file-name OpenMPTryFlag.cpp -mrelocation-model static -mframe-pointer=all -fmath-errno -fno-rounding-math -mconstructor-aliases -munwind-tables -target-cpu x86-64 -tune-cpu generic -debugger-tuning=gdb -v "-fcoverage-compilation-dir=/home/karin/Dokumente/Uni/WS22/C++/ÜBUNGEN/Programming in C_C++-Sheet 06/student_template_6/build/CMakeFiles/CMakeTmp" -resource-dir /usr/lib/llvm-13/lib/clang/13.0.1 -internal-isystem /usr/bin/../lib/gcc/x86_64-linux-gnu/10/../../../../include/c++/10 -internal-isystem /usr/bin/../lib/gcc/x86_64-linux-gnu/10/../../../../include/x86_64-linux-gnu/c++/10 -internal-isystem /usr/bin/../lib/gcc/x86_64-linux-gnu/10/../../../../include/c++/10/backward -internal-isystem /usr/lib/llvm-13/lib/clang/13.0.1/include -internal-isystem /usr/local/include -internal-isystem /usr/bin/../lib/gcc/x86_64-linux-gnu/10/../../../../x86_64-linux-gnu/include -internal-externc-isystem /usr/include/x86_64-linux-gnu -internal-externc-isystem /include -internal-externc-isystem /usr/include -fdeprecated-macro "-fdebug-compilation-dir=/home/karin/Dokumente/Uni/WS22/C++/ÜBUNGEN/Programming in C_C++-Sheet 06/student_template_6/build/CMakeFiles/CMakeTmp" -ferror-limit 19 -fopenmp -fgnuc-version=4.2.1 -fcxx-exceptions -fexceptions -faddrsig -D__GCC_HAVE_DWARF2_CFI_ASM=1 -o CMakeFiles/cmTC_7ed6d.dir/OpenMPTryFlag.cpp.o -x c++ "/home/karin/Schreibtisch/WS22/C++/ÜBUNGEN/Programming in C_C++-Sheet 06/student_template_6/build/CMakeFiles/FindOpenMP/OpenMPTryFlag.cpp"
clang -cc1 version 13.0.1 based upon LLVM 13.0.1 default target x86_64-pc-linux-gnu
ignoring nonexistent directory "/usr/bin/../lib/gcc/x86_64-linux-gnu/10/../../../../x86_64-linux-gnu/include"
ignoring nonexistent directory "/include"
#include "..." search starts here:
#include <...> search starts here:
 /usr/bin/../lib/gcc/x86_64-linux-gnu/10/../../../../include/c++/10
 /usr/bin/../lib/gcc/x86_64-linux-gnu/10/../../../../include/x86_64-linux-gnu/c++/10
 /usr/bin/../lib/gcc/x86_64-linux-gnu/10/../../../../include/c++/10/backward
 /usr/lib/llvm-13/lib/clang/13.0.1/include
 /usr/local/include
 /usr/include/x86_64-linux-gnu
 /usr/include
End of search list.
/home/karin/Schreibtisch/WS22/C++/ÜBUNGEN/Programming in C_C++-Sheet 06/student_template_6/build/CMakeFiles/FindOpenMP/OpenMPTryFlag.cpp:2:10: fatal error: 'omp.h' file not found
#include <omp.h>
         ^~~~~~~
1 error generated.
ninja: build stopped: subcommand failed.



Detecting CXX OpenMP failed with the following output:
Change Dir: /home/karin/Schreibtisch/WS22/C++/ÜBUNGEN/Programming in C_C++-Sheet 06/student_template_6/build/CMakeFiles/CMakeTmp

Run Build Command(s):/usr/bin/ninja cmTC_c85a2 && [1/2] Building CXX object CMakeFiles/cmTC_c85a2.dir/OpenMPTryFlag.cpp.o
FAILED: CMakeFiles/cmTC_c85a2.dir/OpenMPTryFlag.cpp.o 
/usr/bin/clang++-13    -fopenmp=libiomp5 -v -o CMakeFiles/cmTC_c85a2.dir/OpenMPTryFlag.cpp.o -c '/home/karin/Schreibtisch/WS22/C++/ÜBUNGEN/Programming in C_C++-Sheet 06/student_template_6/build/CMakeFiles/FindOpenMP/OpenMPTryFlag.cpp'
Ubuntu clang version 13.0.1-++20220120110924+75e33f71c2da-1~exp1~20220120231001.58
Target: x86_64-pc-linux-gnu
Thread model: posix
InstalledDir: /usr/bin
Found candidate GCC installation: /usr/bin/../lib/gcc/x86_64-linux-gnu/10
Found candidate GCC installation: /usr/bin/../lib/gcc/x86_64-linux-gnu/9
Selected GCC installation: /usr/bin/../lib/gcc/x86_64-linux-gnu/10
Candidate multilib: .;@m64
Selected multilib: .;@m64
 (in-process)
 "/usr/lib/llvm-13/bin/clang" -cc1 -triple x86_64-pc-linux-gnu -emit-obj -mrelax-all --mrelax-relocations -disable-free -disable-llvm-verifier -discard-value-names -main-file-name OpenMPTryFlag.cpp -mrelocation-model static -mframe-pointer=all -fmath-errno -fno-rounding-math -mconstructor-aliases -munwind-tables -target-cpu x86-64 -tune-cpu generic -debugger-tuning=gdb -v "-fcoverage-compilation-dir=/home/karin/Dokumente/Uni/WS22/C++/ÜBUNGEN/Programming in C_C++-Sheet 06/student_template_6/build/CMakeFiles/CMakeTmp" -resource-dir /usr/lib/llvm-13/lib/clang/13.0.1 -internal-isystem /usr/bin/../lib/gcc/x86_64-linux-gnu/10/../../../../include/c++/10 -internal-isystem /usr/bin/../lib/gcc/x86_64-linux-gnu/10/../../../../include/x86_64-linux-gnu/c++/10 -internal-isystem /usr/bin/../lib/gcc/x86_64-linux-gnu/10/../../../../include/c++/10/backward -internal-isystem /usr/lib/llvm-13/lib/clang/13.0.1/include -internal-isystem /usr/local/include -internal-isystem /usr/bin/../lib/gcc/x86_64-linux-gnu/10/../../../../x86_64-linux-gnu/include -internal-externc-isystem /usr/include/x86_64-linux-gnu -internal-externc-isystem /include -internal-externc-isystem /usr/include -fdeprecated-macro "-fdebug-compilation-dir=/home/karin/Dokumente/Uni/WS22/C++/ÜBUNGEN/Programming in C_C++-Sheet 06/student_template_6/build/CMakeFiles/CMakeTmp" -ferror-limit 19 -fopenmp -fgnuc-version=4.2.1 -fcxx-exceptions -fexceptions -faddrsig -D__GCC_HAVE_DWARF2_CFI_ASM=1 -o CMakeFiles/cmTC_c85a2.dir/OpenMPTryFlag.cpp.o -x c++ "/home/karin/Schreibtisch/WS22/C++/ÜBUNGEN/Programming in C_C++-Sheet 06/student_template_6/build/CMakeFiles/FindOpenMP/OpenMPTryFlag.cpp"
clang -cc1 version 13.0.1 based upon LLVM 13.0.1 default target x86_64-pc-linux-gnu
ignoring nonexistent directory "/usr/bin/../lib/gcc/x86_64-linux-gnu/10/../../../../x86_64-linux-gnu/include"
ignoring nonexistent directory "/include"
#include "..." search starts here:
#include <...> search starts here:
 /usr/bin/../lib/gcc/x86_64-linux-gnu/10/../../../../include/c++/10
 /usr/bin/../lib/gcc/x86_64-linux-gnu/10/../../../../include/x86_64-linux-gnu/c++/10
 /usr/bin/../lib/gcc/x86_64-linux-gnu/10/../../../../include/c++/10/backward
 /usr/lib/llvm-13/lib/clang/13.0.1/include
 /usr/local/include
 /usr/include/x86_64-linux-gnu
 /usr/include
End of search list.
/home/karin/Schreibtisch/WS22/C++/ÜBUNGEN/Programming in C_C++-Sheet 06/student_template_6/build/CMakeFiles/FindOpenMP/OpenMPTryFlag.cpp:2:10: fatal error: 'omp.h' file not found
#include <omp.h>
         ^~~~~~~
1 error generated.
ninja: build stopped: subcommand failed.



Detecting CXX OpenMP failed with the following output:
Change Dir: /home/karin/Schreibtisch/WS22/C++/ÜBUNGEN/Programming in C_C++-Sheet 06/student_template_6/build/CMakeFiles/CMakeTmp

Run Build Command(s):/usr/bin/ninja cmTC_59662 && [1/2] Building CXX object CMakeFiles/cmTC_59662.dir/OpenMPTryFlag.cpp.o
FAILED: CMakeFiles/cmTC_59662.dir/OpenMPTryFlag.cpp.o 
/usr/bin/clang++-13    -fopenmp -v -o CMakeFiles/cmTC_59662.dir/OpenMPTryFlag.cpp.o -c '/home/karin/Schreibtisch/WS22/C++/ÜBUNGEN/Programming in C_C++-Sheet 06/student_template_6/build/CMakeFiles/FindOpenMP/OpenMPTryFlag.cpp'
Ubuntu clang version 13.0.1-++20220120110924+75e33f71c2da-1~exp1~20220120231001.58
Target: x86_64-pc-linux-gnu
Thread model: posix
InstalledDir: /usr/bin
Found candidate GCC installation: /usr/bin/../lib/gcc/x86_64-linux-gnu/10
Found candidate GCC installation: /usr/bin/../lib/gcc/x86_64-linux-gnu/9
Selected GCC installation: /usr/bin/../lib/gcc/x86_64-linux-gnu/10
Candidate multilib: .;@m64
Selected multilib: .;@m64
 (in-process)
 "/usr/lib/llvm-13/bin/clang" -cc1 -triple x86_64-pc-linux-gnu -emit-obj -mrelax-all --mrelax-relocations -disable-free -disable-llvm-verifier -discard-value-names -main-file-name OpenMPTryFlag.cpp -mrelocation-model static -mframe-pointer=all -fmath-errno -fno-rounding-math -mconstructor-aliases -munwind-tables -target-cpu x86-64 -tune-cpu generic -debugger-tuning=gdb -v "-fcoverage-compilation-dir=/home/karin/Dokumente/Uni/WS22/C++/ÜBUNGEN/Programming in C_C++-Sheet 06/student_template_6/build/CMakeFiles/CMakeTmp" -resource-dir /usr/lib/llvm-13/lib/clang/13.0.1 -internal-isystem /usr/bin/../lib/gcc/x86_64-linux-gnu/10/../../../../include/c++/10 -internal-isystem /usr/bin/../lib/gcc/x86_64-linux-gnu/10/../../../../include/x86_64-linux-gnu/c++/10 -internal-isystem /usr/bin/../lib/gcc/x86_64-linux-gnu/10/../../../../include/c++/10/backward -internal-isystem /usr/lib/llvm-13/lib/clang/13.0.1/include -internal-isystem /usr/local/include -internal-isystem /usr/bin/../lib/gcc/x86_64-linux-gnu/10/../../../../x86_64-linux-gnu/include -internal-externc-isystem /usr/include/x86_64-linux-gnu -internal-externc-isystem /include -internal-externc-isystem /usr/include -fdeprecated-macro "-fdebug-compilation-dir=/home/karin/Dokumente/Uni/WS22/C++/ÜBUNGEN/Programming in C_C++-Sheet 06/student_template_6/build/CMakeFiles/CMakeTmp" -ferror-limit 19 -fopenmp -fgnuc-version=4.2.1 -fcxx-exceptions -fexceptions -faddrsig -D__GCC_HAVE_DWARF2_CFI_ASM=1 -o CMakeFiles/cmTC_59662.dir/OpenMPTryFlag.cpp.o -x c++ "/home/karin/Schreibtisch/WS22/C++/ÜBUNGEN/Programming in C_C++-Sheet 06/student_template_6/build/CMakeFiles/FindOpenMP/OpenMPTryFlag.cpp"
clang -cc1 version 13.0.1 based upon LLVM 13.0.1 default target x86_64-pc-linux-gnu
ignoring nonexistent directory "/usr/bin/../lib/gcc/x86_64-linux-gnu/10/../../../../x86_64-linux-gnu/include"
ignoring nonexistent directory "/include"
#include "..." search starts here:
#include <...> search starts here:
 /usr/bin/../lib/gcc/x86_64-linux-gnu/10/../../../../include/c++/10
 /usr/bin/../lib/gcc/x86_64-linux-gnu/10/../../../../include/x86_64-linux-gnu/c++/10
 /usr/bin/../lib/gcc/x86_64-linux-gnu/10/../../../../include/c++/10/backward
 /usr/lib/llvm-13/lib/clang/13.0.1/include
 /usr/local/include
 /usr/include/x86_64-linux-gnu
 /usr/include
End of search list.
/home/karin/Schreibtisch/WS22/C++/ÜBUNGEN/Programming in C_C++-Sheet 06/student_template_6/build/CMakeFiles/FindOpenMP/OpenMPTryFlag.cpp:2:10: fatal error: 'omp.h' file not found
#include <omp.h>
         ^~~~~~~
1 error generated.
ninja: build stopped: subcommand failed.



